{"uid":"2b41e6ee5b5735fd","name":"Validate API response for negative limit","fullName":"Validate Cat Breeds API: Validate API response for negative limit","historyId":"b8674184788e82a300c6bb32187699ac","time":{"start":1740359675185,"stop":1740359675447,"duration":262},"status":"failed","statusMessage":"AssertionError: Expected 400, but got 404\n","statusTrace":"  File \"c:\\Projects\\CatFactsQe\\.venv\\Lib\\site-packages\\behave\\model.py\", line 1329, in run\n    match.run(runner.context)\n  File \"c:\\Projects\\CatFactsQe\\.venv\\Lib\\site-packages\\behave\\matchers.py\", line 98, in run\n    self.func(context, *args, **kwargs)\n  File \"steps\\cat_api_steps.py\", line 13, in step_check_status_code\n    assert context.response.status_code == status_code, \\\n           ^^^^^^^^^^^^^^^^^^^^^^^^^^^^^^^^^^^^^^^^^^^\n","flaky":false,"newFailed":false,"newBroken":false,"newPassed":false,"retriesCount":0,"retriesStatusChange":false,"beforeStages":[],"testStage":{"status":"failed","statusMessage":"AssertionError: Expected 400, but got 404\n","statusTrace":"  File \"c:\\Projects\\CatFactsQe\\.venv\\Lib\\site-packages\\behave\\model.py\", line 1329, in run\n    match.run(runner.context)\n  File \"c:\\Projects\\CatFactsQe\\.venv\\Lib\\site-packages\\behave\\matchers.py\", line 98, in run\n    self.func(context, *args, **kwargs)\n  File \"steps\\cat_api_steps.py\", line 13, in step_check_status_code\n    assert context.response.status_code == status_code, \\\n           ^^^^^^^^^^^^^^^^^^^^^^^^^^^^^^^^^^^^^^^^^^^\n","steps":[{"name":"Given I send a GET request to \"/breeds?limit=-1\"","time":{"start":1740359675186,"stop":1740359675434,"duration":248},"status":"passed","steps":[],"attachments":[],"parameters":[],"attachmentsCount":0,"shouldDisplayMessage":false,"stepsCount":0,"attachmentStep":false,"hasContent":false},{"name":"Then the response status should be 400","time":{"start":1740359675434,"stop":1740359675447,"duration":13},"status":"failed","statusMessage":"AssertionError: Expected 400, but got 404\n","statusTrace":"  File \"c:\\Projects\\CatFactsQe\\.venv\\Lib\\site-packages\\behave\\model.py\", line 1329, in run\n    match.run(runner.context)\n  File \"c:\\Projects\\CatFactsQe\\.venv\\Lib\\site-packages\\behave\\matchers.py\", line 98, in run\n    self.func(context, *args, **kwargs)\n  File \"steps\\cat_api_steps.py\", line 13, in step_check_status_code\n    assert context.response.status_code == status_code, \\\n           ^^^^^^^^^^^^^^^^^^^^^^^^^^^^^^^^^^^^^^^^^^^\n","steps":[],"attachments":[],"parameters":[],"attachmentsCount":0,"shouldDisplayMessage":true,"stepsCount":0,"attachmentStep":false,"hasContent":true}],"attachments":[],"parameters":[],"attachmentsCount":0,"shouldDisplayMessage":false,"stepsCount":2,"attachmentStep":false,"hasContent":true},"afterStages":[],"labels":[{"name":"severity","value":"normal"},{"name":"feature","value":"Validate Cat Breeds API"},{"name":"framework","value":"behave"},{"name":"language","value":"cpython3"},{"name":"resultFormat","value":"allure2"}],"parameters":[],"links":[],"hidden":true,"retry":true,"extra":{"categories":[],"tags":[]},"source":"2b41e6ee5b5735fd.json","parameterValues":[]}